<?xml version="1.0" encoding="UTF-8"?>
<!-- Generated by org.testng.reporters.JUnitReportReporter -->
<testsuite hostname="Asif" failures="0" tests="5" name="selenium_testing_daraz.SeleniumAutomationDaraz" time="54.672" errors="0" timestamp="2023-08-09T18:52:06 BDT" skipped="0">
  <testcase classname="selenium_testing_daraz.SeleniumAutomationDaraz" name="verifyDarazFromGoogle" time="5.482"/>
  <testcase classname="selenium_testing_daraz.SeleniumAutomationDaraz" name="verifySearchProduct" time="17.225"/>
  <testcase classname="selenium_testing_daraz.SeleniumAutomationDaraz" name="verifyAddToCart" time="9.720"/>
  <testcase classname="selenium_testing_daraz.SeleniumAutomationDaraz" name="verifyDarazWebsite" time="8.680"/>
  <testcase classname="selenium_testing_daraz.SeleniumAutomationDaraz" name="verifyDarazHome" time="13.565"/>
</testsuite> <!-- selenium_testing_daraz.SeleniumAutomationDaraz -->
