<?xml version="1.0" encoding="UTF-8"?>
<!-- Generated by org.testng.reporters.JUnitReportReporter -->
<testsuite hostname="Asif" failures="0" tests="1" name="selenium_testing_daraz.SeleniumAutomationDaraz" time="42.405" errors="0" timestamp="2023-08-09T18:15:42 BDT" skipped="0">
  <testcase classname="selenium_testing_daraz.SeleniumAutomationDaraz" name="verifyGoogleTitle" time="42.405"/>
</testsuite> <!-- selenium_testing_daraz.SeleniumAutomationDaraz -->
